2013/12/23 22:22:49 [error] [exception.CHttpException.404] exception 'CHttpException' with message 'The system is unable to find the requested action "contanct".' in Z:\home\diplom\framework\web\CController.php:483
Stack trace:
#0 Z:\home\diplom\framework\web\CController.php(270): CController->missingAction('contanct')
#1 Z:\home\diplom\framework\web\CWebApplication.php(282): CController->run('contanct')
#2 Z:\home\diplom\framework\web\CWebApplication.php(141): CWebApplication->runController('site/contanct')
#3 Z:\home\diplom\framework\base\CApplication.php(180): CWebApplication->processRequest()
#4 Z:\home\diplom\www\index.php(13): CApplication->run()
#5 {main}
REQUEST_URI=/site/contanct
---
2013/12/23 23:07:05 [error] [exception.CHttpException.400] exception 'CHttpException' with message 'Your request is invalid.' in Z:\home\diplom\framework\web\CController.php:336
Stack trace:
#0 Z:\home\diplom\framework\web\CController.php(309): CController->invalidActionParams(Object(CInlineAction))
#1 Z:\home\diplom\framework\web\CController.php(286): CController->runAction(Object(CInlineAction))
#2 Z:\home\diplom\framework\web\CController.php(265): CController->runActionWithFilters(Object(CInlineAction), Array)
#3 Z:\home\diplom\framework\web\CWebApplication.php(282): CController->run('')
#4 Z:\home\diplom\framework\web\CWebApplication.php(141): CWebApplication->runController('')
#5 Z:\home\diplom\framework\base\CApplication.php(180): CWebApplication->processRequest()
#6 Z:\home\diplom\www\index.php(13): CApplication->run()
#7 {main}
REQUEST_URI=/
---
2013/12/23 23:07:09 [error] [exception.CHttpException.400] exception 'CHttpException' with message 'Your request is invalid.' in Z:\home\diplom\framework\web\CController.php:336
Stack trace:
#0 Z:\home\diplom\framework\web\CController.php(309): CController->invalidActionParams(Object(CInlineAction))
#1 Z:\home\diplom\framework\web\CController.php(286): CController->runAction(Object(CInlineAction))
#2 Z:\home\diplom\framework\web\CController.php(265): CController->runActionWithFilters(Object(CInlineAction), Array)
#3 Z:\home\diplom\framework\web\CWebApplication.php(282): CController->run('index')
#4 Z:\home\diplom\framework\web\CWebApplication.php(141): CWebApplication->runController('site/index')
#5 Z:\home\diplom\framework\base\CApplication.php(180): CWebApplication->processRequest()
#6 Z:\home\diplom\www\index.php(13): CApplication->run()
#7 {main}
REQUEST_URI=/index.php/site/index
HTTP_REFERER=http://diplom/
---
2013/12/24 00:03:58 [error] [exception.CHttpException.404] exception 'CHttpException' with message 'The system is unable to find the requested action "contact".' in Z:\home\diplom\framework\web\CController.php:483
Stack trace:
#0 Z:\home\diplom\framework\web\CController.php(270): CController->missingAction('contact')
#1 Z:\home\diplom\framework\web\CWebApplication.php(282): CController->run('contact')
#2 Z:\home\diplom\framework\web\CWebApplication.php(141): CWebApplication->runController('site/contact')
#3 Z:\home\diplom\framework\base\CApplication.php(180): CWebApplication->processRequest()
#4 Z:\home\diplom\www\index.php(13): CApplication->run()
#5 {main}
REQUEST_URI=/site/contact
---
2013/12/24 00:04:01 [error] [exception.CException] exception 'CException' with message 'SiteController cannot find the requested view "index".' in Z:\home\diplom\framework\web\CController.php:878
Stack trace:
#0 Z:\home\diplom\framework\web\CController.php(782): CController->renderPartial('index', NULL, true)
#1 Z:\home\diplom\www\protected\controllers\SiteController.php(7): CController->render('index')
#2 Z:\home\diplom\framework\web\actions\CInlineAction.php(49): SiteController->actionIndex()
#3 Z:\home\diplom\framework\web\CController.php(308): CInlineAction->runWithParams(Array)
#4 Z:\home\diplom\framework\web\CController.php(286): CController->runAction(Object(CInlineAction))
#5 Z:\home\diplom\framework\web\CController.php(265): CController->runActionWithFilters(Object(CInlineAction), Array)
#6 Z:\home\diplom\framework\web\CWebApplication.php(282): CController->run('index')
#7 Z:\home\diplom\framework\web\CWebApplication.php(141): CWebApplication->runController('site/index')
#8 Z:\home\diplom\framework\base\CApplication.php(180): CWebApplication->processRequest()
#9 Z:\home\diplom\www\index.php(13): CApplication->run()
#10 {main}
REQUEST_URI=/site/index/
---
2013/12/24 00:07:14 [error] [exception.CHttpException.404] exception 'CHttpException' with message 'Unable to resolve the request "css/styles.css".' in Z:\home\diplom\framework\web\CWebApplication.php:286
Stack trace:
#0 Z:\home\diplom\framework\web\CWebApplication.php(141): CWebApplication->runController('css/styles.css')
#1 Z:\home\diplom\framework\base\CApplication.php(180): CWebApplication->processRequest()
#2 Z:\home\diplom\www\index.php(13): CApplication->run()
#3 {main}
REQUEST_URI=/css/styles.css
HTTP_REFERER=http://diplom/site/index/
---
2013/12/24 00:07:40 [error] [exception.CHttpException.404] exception 'CHttpException' with message 'Unable to resolve the request "css/styles.css".' in Z:\home\diplom\framework\web\CWebApplication.php:286
Stack trace:
#0 Z:\home\diplom\framework\web\CWebApplication.php(141): CWebApplication->runController('css/styles.css')
#1 Z:\home\diplom\framework\base\CApplication.php(180): CWebApplication->processRequest()
#2 Z:\home\diplom\www\index.php(13): CApplication->run()
#3 {main}
REQUEST_URI=/css/styles.css
HTTP_REFERER=http://diplom/site/index/
---
2013/12/24 00:08:21 [error] [exception.CHttpException.404] exception 'CHttpException' with message 'Unable to resolve the request "css/styles.css".' in Z:\home\diplom\framework\web\CWebApplication.php:286
Stack trace:
#0 Z:\home\diplom\framework\web\CWebApplication.php(141): CWebApplication->runController('css/styles.css')
#1 Z:\home\diplom\framework\base\CApplication.php(180): CWebApplication->processRequest()
#2 Z:\home\diplom\www\index.php(13): CApplication->run()
#3 {main}
REQUEST_URI=/css/styles.css
HTTP_REFERER=http://diplom/site/index/
---
2013/12/24 00:08:53 [error] [exception.CHttpException.404] exception 'CHttpException' with message 'Unable to resolve the request "css/styles.css".' in Z:\home\diplom\framework\web\CWebApplication.php:286
Stack trace:
#0 Z:\home\diplom\framework\web\CWebApplication.php(141): CWebApplication->runController('css/styles.css')
#1 Z:\home\diplom\framework\base\CApplication.php(180): CWebApplication->processRequest()
#2 Z:\home\diplom\www\index.php(13): CApplication->run()
#3 {main}
REQUEST_URI=/css/styles.css
HTTP_REFERER=http://diplom/site/index/
---
2013/12/24 00:15:00 [error] [exception.CHttpException.404] exception 'CHttpException' with message 'Unable to resolve the request "css/styles.css".' in Z:\home\diplom\framework\web\CWebApplication.php:286
Stack trace:
#0 Z:\home\diplom\framework\web\CWebApplication.php(141): CWebApplication->runController('css/styles.css')
#1 Z:\home\diplom\framework\base\CApplication.php(180): CWebApplication->processRequest()
#2 Z:\home\diplom\www\index.php(13): CApplication->run()
#3 {main}
REQUEST_URI=/css/styles.css
HTTP_REFERER=http://diplom/site/index/
---
2013/12/24 00:15:04 [error] [exception.CHttpException.404] exception 'CHttpException' with message 'Unable to resolve the request "css/styles.css".' in Z:\home\diplom\framework\web\CWebApplication.php:286
Stack trace:
#0 Z:\home\diplom\framework\web\CWebApplication.php(141): CWebApplication->runController('css/styles.css')
#1 Z:\home\diplom\framework\base\CApplication.php(180): CWebApplication->processRequest()
#2 Z:\home\diplom\www\index.php(13): CApplication->run()
#3 {main}
REQUEST_URI=/css/styles.css
HTTP_REFERER=http://diplom/
---
2013/12/24 00:15:37 [error] [exception.CHttpException.404] exception 'CHttpException' with message 'Unable to resolve the request "css/styles.css".' in Z:\home\diplom\framework\web\CWebApplication.php:286
Stack trace:
#0 Z:\home\diplom\framework\web\CWebApplication.php(141): CWebApplication->runController('css/styles.css')
#1 Z:\home\diplom\framework\base\CApplication.php(180): CWebApplication->processRequest()
#2 Z:\home\diplom\www\index.php(13): CApplication->run()
#3 {main}
REQUEST_URI=/css/styles.css
HTTP_REFERER=http://diplom/
---
2013/12/24 00:16:14 [error] [exception.CHttpException.404] exception 'CHttpException' with message 'Unable to resolve the request "css/styles.css".' in Z:\home\diplom\framework\web\CWebApplication.php:286
Stack trace:
#0 Z:\home\diplom\framework\web\CWebApplication.php(141): CWebApplication->runController('css/styles.css')
#1 Z:\home\diplom\framework\base\CApplication.php(180): CWebApplication->processRequest()
#2 Z:\home\diplom\www\index.php(13): CApplication->run()
#3 {main}
REQUEST_URI=/css/styles.css
HTTP_REFERER=http://diplom/
---
2013/12/24 00:16:26 [error] [exception.CHttpException.404] exception 'CHttpException' with message 'Unable to resolve the request "css/styles.css".' in Z:\home\diplom\framework\web\CWebApplication.php:286
Stack trace:
#0 Z:\home\diplom\framework\web\CWebApplication.php(141): CWebApplication->runController('css/styles.css')
#1 Z:\home\diplom\framework\base\CApplication.php(180): CWebApplication->processRequest()
#2 Z:\home\diplom\www\index.php(13): CApplication->run()
#3 {main}
REQUEST_URI=/css/styles.css
HTTP_REFERER=http://diplom/
---
2013/12/24 00:16:29 [error] [exception.CHttpException.404] exception 'CHttpException' with message 'Unable to resolve the request "css/styles.css".' in Z:\home\diplom\framework\web\CWebApplication.php:286
Stack trace:
#0 Z:\home\diplom\framework\web\CWebApplication.php(141): CWebApplication->runController('css/styles.css')
#1 Z:\home\diplom\framework\base\CApplication.php(180): CWebApplication->processRequest()
#2 Z:\home\diplom\www\index.php(13): CApplication->run()
#3 {main}
REQUEST_URI=/css/styles.css
HTTP_REFERER=http://diplom/
---
2013/12/24 00:16:41 [error] [exception.CHttpException.404] exception 'CHttpException' with message 'Unable to resolve the request "css/styles.css".' in Z:\home\diplom\framework\web\CWebApplication.php:286
Stack trace:
#0 Z:\home\diplom\framework\web\CWebApplication.php(141): CWebApplication->runController('css/styles.css')
#1 Z:\home\diplom\framework\base\CApplication.php(180): CWebApplication->processRequest()
#2 Z:\home\diplom\www\index.php(13): CApplication->run()
#3 {main}
REQUEST_URI=/css/styles.css
HTTP_REFERER=http://diplom/
---
2013/12/24 00:16:43 [error] [exception.CHttpException.404] exception 'CHttpException' with message 'Unable to resolve the request "css/styles.css".' in Z:\home\diplom\framework\web\CWebApplication.php:286
Stack trace:
#0 Z:\home\diplom\framework\web\CWebApplication.php(141): CWebApplication->runController('css/styles.css')
#1 Z:\home\diplom\framework\base\CApplication.php(180): CWebApplication->processRequest()
#2 Z:\home\diplom\www\index.php(13): CApplication->run()
#3 {main}
REQUEST_URI=/css/styles.css
HTTP_REFERER=http://diplom/index.php/
---
2013/12/24 00:18:36 [error] [exception.CHttpException.404] exception 'CHttpException' with message 'Unable to resolve the request "css/styles.css".' in Z:\home\diplom\framework\web\CWebApplication.php:286
Stack trace:
#0 Z:\home\diplom\framework\web\CWebApplication.php(141): CWebApplication->runController('css/styles.css')
#1 Z:\home\diplom\framework\base\CApplication.php(180): CWebApplication->processRequest()
#2 Z:\home\diplom\www\index.php(13): CApplication->run()
#3 {main}
REQUEST_URI=/css/styles.css
HTTP_REFERER=http://diplom/index.php/
---
2013/12/24 00:19:04 [error] [exception.CHttpException.404] exception 'CHttpException' with message 'Unable to resolve the request "css/styles.css".' in Z:\home\diplom\framework\web\CWebApplication.php:286
Stack trace:
#0 Z:\home\diplom\framework\web\CWebApplication.php(141): CWebApplication->runController('css/styles.css')
#1 Z:\home\diplom\framework\base\CApplication.php(180): CWebApplication->processRequest()
#2 Z:\home\diplom\www\index.php(13): CApplication->run()
#3 {main}
REQUEST_URI=/css/styles.css
HTTP_REFERER=http://diplom/index.php/
---
2013/12/24 00:20:18 [error] [exception.CHttpException.404] exception 'CHttpException' with message 'Unable to resolve the request "css/styles.css".' in Z:\home\diplom\framework\web\CWebApplication.php:286
Stack trace:
#0 Z:\home\diplom\framework\web\CWebApplication.php(141): CWebApplication->runController('css/styles.css')
#1 Z:\home\diplom\framework\base\CApplication.php(180): CWebApplication->processRequest()
#2 Z:\home\diplom\www\index.php(13): CApplication->run()
#3 {main}
REQUEST_URI=/css/styles.css
HTTP_REFERER=http://diplom/index.php/
---
2013/12/24 02:38:38 [error] [exception.CHttpException.404] exception 'CHttpException' with message 'The system is unable to find the requested action "submit".' in Z:\home\diplom\framework\web\CController.php:483
Stack trace:
#0 Z:\home\diplom\framework\web\CController.php(270): CController->missingAction('submit')
#1 Z:\home\diplom\framework\web\CWebApplication.php(282): CController->run('submit')
#2 Z:\home\diplom\framework\web\CWebApplication.php(141): CWebApplication->runController('site/submit')
#3 Z:\home\diplom\framework\base\CApplication.php(180): CWebApplication->processRequest()
#4 Z:\home\diplom\www\index.php(13): CApplication->run()
#5 {main}
REQUEST_URI=/site/submit?source=
HTTP_REFERER=http://diplom/
---
2013/12/24 02:39:07 [error] [exception.CHttpException.404] exception 'CHttpException' with message 'The system is unable to find the requested action "submit".' in Z:\home\diplom\framework\web\CController.php:483
Stack trace:
#0 Z:\home\diplom\framework\web\CController.php(270): CController->missingAction('submit')
#1 Z:\home\diplom\framework\web\CWebApplication.php(282): CController->run('submit')
#2 Z:\home\diplom\framework\web\CWebApplication.php(141): CWebApplication->runController('site/submit')
#3 Z:\home\diplom\framework\base\CApplication.php(180): CWebApplication->processRequest()
#4 Z:\home\diplom\www\index.php(13): CApplication->run()
#5 {main}
REQUEST_URI=/site/submit?source=SELECT+*+FROM+data
HTTP_REFERER=http://diplom/
---
2013/12/24 02:43:34 [error] [system.db.CDbCommand] CDbCommand::fetchAll() failed: SQLSTATE[42000]: Syntax error or access violation: 1065 Query was empty. The SQL statement executed was: .
in Z:\home\diplom\www\protected\controllers\SiteController.php (13)
in Z:\home\diplom\www\index.php (13)
2013/12/24 02:43:34 [error] [exception.CDbException] exception 'CDbException' with message 'CDbCommand failed to execute the SQL statement: SQLSTATE[42000]: Syntax error or access violation: 1065 Query was empty. The SQL statement executed was: ' in Z:\home\diplom\framework\db\CDbCommand.php:543
Stack trace:
#0 Z:\home\diplom\framework\db\CDbCommand.php(396): CDbCommand->queryInternal('fetchAll', Array, Array)
#1 Z:\home\diplom\www\protected\controllers\SiteController.php(13): CDbCommand->queryAll()
#2 [internal function]: SiteController->actionSubmit('SELECT * FROM d...')
#3 Z:\home\diplom\framework\web\actions\CAction.php(108): ReflectionMethod->invokeArgs(Object(SiteController), Array)
#4 Z:\home\diplom\framework\web\actions\CInlineAction.php(47): CAction->runWithParamsInternal(Object(SiteController), Object(ReflectionMethod), Array)
#5 Z:\home\diplom\framework\web\CController.php(308): CInlineAction->runWithParams(Array)
#6 Z:\home\diplom\framework\web\CController.php(286): CController->runAction(Object(CInlineAction))
#7 Z:\home\diplom\framework\web\CController.php(265): CController->runActionWithFilters(Object(CInlineAction), Array)
#8 Z:\home\diplom\framework\web\CWebApplication.php(282): CController->run('submit')
#9 Z:\home\diplom\framework\web\CWebApplication.php(141): CWebApplication->runController('site/submit')
#10 Z:\home\diplom\framework\base\CApplication.php(180): CWebApplication->processRequest()
#11 Z:\home\diplom\www\index.php(13): CApplication->run()
#12 {main}
REQUEST_URI=/site/submit?source=SELECT+*+FROM+data
HTTP_REFERER=http://diplom/
---
2013/12/24 02:44:24 [error] [system.db.CDbCommand] CDbCommand::fetchAll() failed: SQLSTATE[42000]: Syntax error or access violation: 1065 Query was empty. The SQL statement executed was: .
in Z:\home\diplom\www\protected\controllers\SiteController.php (14)
in Z:\home\diplom\www\index.php (13)
2013/12/24 02:44:24 [error] [exception.CDbException] exception 'CDbException' with message 'CDbCommand failed to execute the SQL statement: SQLSTATE[42000]: Syntax error or access violation: 1065 Query was empty. The SQL statement executed was: ' in Z:\home\diplom\framework\db\CDbCommand.php:543
Stack trace:
#0 Z:\home\diplom\framework\db\CDbCommand.php(396): CDbCommand->queryInternal('fetchAll', Array, Array)
#1 Z:\home\diplom\www\protected\controllers\SiteController.php(14): CDbCommand->queryAll()
#2 [internal function]: SiteController->actionSubmit('SELECT * FROM n...')
#3 Z:\home\diplom\framework\web\actions\CAction.php(108): ReflectionMethod->invokeArgs(Object(SiteController), Array)
#4 Z:\home\diplom\framework\web\actions\CInlineAction.php(47): CAction->runWithParamsInternal(Object(SiteController), Object(ReflectionMethod), Array)
#5 Z:\home\diplom\framework\web\CController.php(308): CInlineAction->runWithParams(Array)
#6 Z:\home\diplom\framework\web\CController.php(286): CController->runAction(Object(CInlineAction))
#7 Z:\home\diplom\framework\web\CController.php(265): CController->runActionWithFilters(Object(CInlineAction), Array)
#8 Z:\home\diplom\framework\web\CWebApplication.php(282): CController->run('submit')
#9 Z:\home\diplom\framework\web\CWebApplication.php(141): CWebApplication->runController('site/submit')
#10 Z:\home\diplom\framework\base\CApplication.php(180): CWebApplication->processRequest()
#11 Z:\home\diplom\www\index.php(13): CApplication->run()
#12 {main}
REQUEST_URI=/site/submit?source=SELECT+*+FROM+news
---
2013/12/24 02:44:40 [error] [system.db.CDbCommand] CDbCommand::execute() failed: SQLSTATE[42000]: Syntax error or access violation: 1065 Query was empty. The SQL statement executed was: .
in Z:\home\diplom\www\protected\controllers\SiteController.php (14)
in Z:\home\diplom\www\index.php (13)
2013/12/24 02:44:40 [error] [exception.CDbException] exception 'CDbException' with message 'CDbCommand failed to execute the SQL statement: SQLSTATE[42000]: Syntax error or access violation: 1065 Query was empty. The SQL statement executed was: ' in Z:\home\diplom\framework\db\CDbCommand.php:358
Stack trace:
#0 Z:\home\diplom\www\protected\controllers\SiteController.php(14): CDbCommand->execute()
#1 [internal function]: SiteController->actionSubmit('SELECT * FROM n...')
#2 Z:\home\diplom\framework\web\actions\CAction.php(108): ReflectionMethod->invokeArgs(Object(SiteController), Array)
#3 Z:\home\diplom\framework\web\actions\CInlineAction.php(47): CAction->runWithParamsInternal(Object(SiteController), Object(ReflectionMethod), Array)
#4 Z:\home\diplom\framework\web\CController.php(308): CInlineAction->runWithParams(Array)
#5 Z:\home\diplom\framework\web\CController.php(286): CController->runAction(Object(CInlineAction))
#6 Z:\home\diplom\framework\web\CController.php(265): CController->runActionWithFilters(Object(CInlineAction), Array)
#7 Z:\home\diplom\framework\web\CWebApplication.php(282): CController->run('submit')
#8 Z:\home\diplom\framework\web\CWebApplication.php(141): CWebApplication->runController('site/submit')
#9 Z:\home\diplom\framework\base\CApplication.php(180): CWebApplication->processRequest()
#10 Z:\home\diplom\www\index.php(13): CApplication->run()
#11 {main}
REQUEST_URI=/site/submit?source=SELECT+*+FROM+news
---
2013/12/24 02:44:52 [error] [system.db.CDbCommand] CDbCommand::fetchAll() failed: SQLSTATE[42000]: Syntax error or access violation: 1065 Query was empty. The SQL statement executed was: .
in Z:\home\diplom\www\protected\controllers\SiteController.php (14)
in Z:\home\diplom\www\index.php (13)
2013/12/24 02:44:52 [error] [exception.CDbException] exception 'CDbException' with message 'CDbCommand failed to execute the SQL statement: SQLSTATE[42000]: Syntax error or access violation: 1065 Query was empty. The SQL statement executed was: ' in Z:\home\diplom\framework\db\CDbCommand.php:543
Stack trace:
#0 Z:\home\diplom\framework\db\CDbCommand.php(396): CDbCommand->queryInternal('fetchAll', Array, Array)
#1 Z:\home\diplom\www\protected\controllers\SiteController.php(14): CDbCommand->queryAll()
#2 [internal function]: SiteController->actionSubmit('SELECT * FROM n...')
#3 Z:\home\diplom\framework\web\actions\CAction.php(108): ReflectionMethod->invokeArgs(Object(SiteController), Array)
#4 Z:\home\diplom\framework\web\actions\CInlineAction.php(47): CAction->runWithParamsInternal(Object(SiteController), Object(ReflectionMethod), Array)
#5 Z:\home\diplom\framework\web\CController.php(308): CInlineAction->runWithParams(Array)
#6 Z:\home\diplom\framework\web\CController.php(286): CController->runAction(Object(CInlineAction))
#7 Z:\home\diplom\framework\web\CController.php(265): CController->runActionWithFilters(Object(CInlineAction), Array)
#8 Z:\home\diplom\framework\web\CWebApplication.php(282): CController->run('submit')
#9 Z:\home\diplom\framework\web\CWebApplication.php(141): CWebApplication->runController('site/submit')
#10 Z:\home\diplom\framework\base\CApplication.php(180): CWebApplication->processRequest()
#11 Z:\home\diplom\www\index.php(13): CApplication->run()
#12 {main}
REQUEST_URI=/site/submit?source=SELECT+*+FROM+news
---
2013/12/24 02:45:34 [error] [system.db.CDbCommand] CDbCommand::fetchAll() failed: SQLSTATE[42000]: Syntax error or access violation: 1065 Query was empty. The SQL statement executed was: .
in Z:\home\diplom\www\protected\controllers\SiteController.php (14)
in Z:\home\diplom\www\index.php (13)
2013/12/24 02:45:34 [error] [exception.CDbException] exception 'CDbException' with message 'CDbCommand failed to execute the SQL statement: SQLSTATE[42000]: Syntax error or access violation: 1065 Query was empty. The SQL statement executed was: ' in Z:\home\diplom\framework\db\CDbCommand.php:543
Stack trace:
#0 Z:\home\diplom\framework\db\CDbCommand.php(396): CDbCommand->queryInternal('fetchAll', Array, Array)
#1 Z:\home\diplom\www\protected\controllers\SiteController.php(14): CDbCommand->queryAll()
#2 [internal function]: SiteController->actionSubmit('SELECT * FROM `...')
#3 Z:\home\diplom\framework\web\actions\CAction.php(108): ReflectionMethod->invokeArgs(Object(SiteController), Array)
#4 Z:\home\diplom\framework\web\actions\CInlineAction.php(47): CAction->runWithParamsInternal(Object(SiteController), Object(ReflectionMethod), Array)
#5 Z:\home\diplom\framework\web\CController.php(308): CInlineAction->runWithParams(Array)
#6 Z:\home\diplom\framework\web\CController.php(286): CController->runAction(Object(CInlineAction))
#7 Z:\home\diplom\framework\web\CController.php(265): CController->runActionWithFilters(Object(CInlineAction), Array)
#8 Z:\home\diplom\framework\web\CWebApplication.php(282): CController->run('submit')
#9 Z:\home\diplom\framework\web\CWebApplication.php(141): CWebApplication->runController('site/submit')
#10 Z:\home\diplom\framework\base\CApplication.php(180): CWebApplication->processRequest()
#11 Z:\home\diplom\www\index.php(13): CApplication->run()
#12 {main}
REQUEST_URI=/site/submit?source=SELECT+*+FROM+%60news%60
HTTP_REFERER=http://diplom/
---
2013/12/24 02:46:07 [error] [system.db.CDbCommand] CDbCommand::fetchAll() failed: SQLSTATE[42S02]: Base table or view not found: 1146 Table 'diplom.data' doesn't exist. The SQL statement executed was: SELECT * FROM data.
in Z:\home\diplom\www\protected\controllers\SiteController.php (13)
in Z:\home\diplom\www\index.php (13)
2013/12/24 02:46:07 [error] [exception.CDbException] exception 'CDbException' with message 'CDbCommand failed to execute the SQL statement: SQLSTATE[42S02]: Base table or view not found: 1146 Table 'diplom.data' doesn't exist. The SQL statement executed was: SELECT * FROM data' in Z:\home\diplom\framework\db\CDbCommand.php:543
Stack trace:
#0 Z:\home\diplom\framework\db\CDbCommand.php(396): CDbCommand->queryInternal('fetchAll', Array, Array)
#1 Z:\home\diplom\www\protected\controllers\SiteController.php(13): CDbCommand->queryAll()
#2 [internal function]: SiteController->actionSubmit('SELECT * FROM d...')
#3 Z:\home\diplom\framework\web\actions\CAction.php(108): ReflectionMethod->invokeArgs(Object(SiteController), Array)
#4 Z:\home\diplom\framework\web\actions\CInlineAction.php(47): CAction->runWithParamsInternal(Object(SiteController), Object(ReflectionMethod), Array)
#5 Z:\home\diplom\framework\web\CController.php(308): CInlineAction->runWithParams(Array)
#6 Z:\home\diplom\framework\web\CController.php(286): CController->runAction(Object(CInlineAction))
#7 Z:\home\diplom\framework\web\CController.php(265): CController->runActionWithFilters(Object(CInlineAction), Array)
#8 Z:\home\diplom\framework\web\CWebApplication.php(282): CController->run('submit')
#9 Z:\home\diplom\framework\web\CWebApplication.php(141): CWebApplication->runController('site/submit')
#10 Z:\home\diplom\framework\base\CApplication.php(180): CWebApplication->processRequest()
#11 Z:\home\diplom\www\index.php(13): CApplication->run()
#12 {main}
REQUEST_URI=/site/submit?source=SELECT+*+FROM+data
---
2013/12/24 02:52:07 [error] [system.db.CDbCommand] CDbCommand::fetchAll() failed: SQLSTATE[42S02]: Base table or view not found: 1146 Table 'diplom.data' doesn't exist. The SQL statement executed was: SELECT * FROM data.
in Z:\home\diplom\www\protected\controllers\SiteController.php (14)
in Z:\home\diplom\www\index.php (13)
2013/12/24 02:54:58 [error] [system.db.CDbCommand] CDbCommand::fetchAll() failed: SQLSTATE[42S02]: Base table or view not found: 1146 Table 'diplom.data' doesn't exist. The SQL statement executed was: SELECT * FROM data.
in Z:\home\diplom\www\protected\controllers\SiteController.php (14)
in Z:\home\diplom\www\index.php (13)
2013/12/24 02:55:09 [error] [system.db.CDbCommand] CDbCommand::fetchAll() failed: SQLSTATE[42S02]: Base table or view not found: 1146 Table 'diplom.data' doesn't exist. The SQL statement executed was: SELECT * FROM data.
in Z:\home\diplom\www\protected\controllers\SiteController.php (14)
in Z:\home\diplom\www\index.php (13)
2013/12/24 02:55:13 [error] [system.db.CDbCommand] CDbCommand::fetchAll() failed: SQLSTATE[42S02]: Base table or view not found: 1146 Table 'diplom.data' doesn't exist. The SQL statement executed was: SELECT * FROM data.
in Z:\home\diplom\www\protected\controllers\SiteController.php (14)
in Z:\home\diplom\www\index.php (13)
2013/12/24 02:56:11 [error] [system.db.CDbCommand] CDbCommand::fetchAll() failed: SQLSTATE[42S02]: Base table or view not found: 1146 Table 'diplom.data' doesn't exist. The SQL statement executed was: SELECT * FROM data.
in Z:\home\diplom\www\protected\controllers\SiteController.php (14)
in Z:\home\diplom\www\index.php (13)
2013/12/24 03:00:15 [error] [exception.CHttpException.404] exception 'CHttpException' with message 'Unable to resolve the request "js/core.js".' in Z:\home\diplom\framework\web\CWebApplication.php:286
Stack trace:
#0 Z:\home\diplom\framework\web\CWebApplication.php(141): CWebApplication->runController('js/core.js')
#1 Z:\home\diplom\framework\base\CApplication.php(180): CWebApplication->processRequest()
#2 Z:\home\diplom\www\index.php(13): CApplication->run()
#3 {main}
REQUEST_URI=/js/core.js
HTTP_REFERER=http://diplom/
---
2013/12/24 03:06:14 [error] [system.db.CDbCommand] CDbCommand::fetchAll() failed: SQLSTATE[42000]: Syntax error or access violation: 1065 Query was empty. The SQL statement executed was: .
in Z:\home\diplom\www\protected\controllers\SiteController.php (14)
in Z:\home\diplom\www\index.php (13)
2013/12/24 03:09:22 [error] [system.db.CDbCommand] CDbCommand::fetchAll() failed: SQLSTATE[42000]: Syntax error or access violation: 1065 Query was empty. The SQL statement executed was: .
in Z:\home\diplom\www\protected\controllers\SiteController.php (14)
in Z:\home\diplom\www\index.php (13)
2013/12/24 03:09:46 [error] [system.db.CDbCommand] CDbCommand::fetchAll() failed: SQLSTATE[42000]: Syntax error or access violation: 1065 Query was empty. The SQL statement executed was: .
in Z:\home\diplom\www\protected\controllers\SiteController.php (14)
in Z:\home\diplom\www\index.php (13)
2013/12/24 03:09:52 [error] [system.db.CDbCommand] CDbCommand::fetchAll() failed: SQLSTATE[42000]: Syntax error or access violation: 1065 Query was empty. The SQL statement executed was: .
in Z:\home\diplom\www\protected\controllers\SiteController.php (14)
in Z:\home\diplom\www\index.php (13)
2013/12/24 03:10:54 [error] [system.db.CDbCommand] CDbCommand::fetchAll() failed: SQLSTATE[42000]: Syntax error or access violation: 1065 Query was empty. The SQL statement executed was: .
in Z:\home\diplom\www\protected\controllers\SiteController.php (14)
in Z:\home\diplom\www\index.php (13)
2013/12/24 03:12:29 [error] [system.db.CDbCommand] CDbCommand::fetchAll() failed: SQLSTATE[42000]: Syntax error or access violation: 1065 Query was empty. The SQL statement executed was: .
in Z:\home\diplom\www\protected\controllers\SiteController.php (14)
in Z:\home\diplom\www\index.php (13)
2013/12/24 03:12:55 [error] [system.db.CDbCommand] CDbCommand::fetchAll() failed: SQLSTATE[42000]: Syntax error or access violation: 1065 Query was empty. The SQL statement executed was: .
in Z:\home\diplom\www\protected\controllers\SiteController.php (14)
in Z:\home\diplom\www\index.php (13)
2013/12/24 03:13:18 [error] [system.db.CDbCommand] CDbCommand::fetchAll() failed: SQLSTATE[42000]: Syntax error or access violation: 1065 Query was empty. The SQL statement executed was: .
in Z:\home\diplom\www\protected\controllers\SiteController.php (14)
in Z:\home\diplom\www\index.php (13)
2013/12/24 03:13:25 [error] [system.db.CDbCommand] CDbCommand::fetchAll() failed: SQLSTATE[42000]: Syntax error or access violation: 1065 Query was empty. The SQL statement executed was: .
in Z:\home\diplom\www\protected\controllers\SiteController.php (14)
in Z:\home\diplom\www\index.php (13)
2013/12/24 03:13:37 [error] [system.db.CDbCommand] CDbCommand::fetchAll() failed: SQLSTATE[42000]: Syntax error or access violation: 1065 Query was empty. The SQL statement executed was: .
in Z:\home\diplom\www\protected\controllers\SiteController.php (14)
in Z:\home\diplom\www\index.php (13)
2013/12/24 03:13:48 [error] [system.db.CDbCommand] CDbCommand::fetchAll() failed: SQLSTATE[42000]: Syntax error or access violation: 1065 Query was empty. The SQL statement executed was: .
in Z:\home\diplom\www\protected\controllers\SiteController.php (14)
in Z:\home\diplom\www\index.php (13)
2013/12/24 03:14:28 [error] [system.db.CDbCommand] CDbCommand::fetchAll() failed: SQLSTATE[42000]: Syntax error or access violation: 1065 Query was empty. The SQL statement executed was: .
in Z:\home\diplom\www\protected\controllers\SiteController.php (14)
in Z:\home\diplom\www\index.php (13)
2013/12/24 03:14:43 [error] [system.db.CDbCommand] CDbCommand::fetchAll() failed: SQLSTATE[42000]: Syntax error or access violation: 1065 Query was empty. The SQL statement executed was: .
in Z:\home\diplom\www\protected\controllers\SiteController.php (14)
in Z:\home\diplom\www\index.php (13)
2013/12/24 03:16:07 [error] [system.db.CDbCommand] CDbCommand::fetchAll() failed: SQLSTATE[42000]: Syntax error or access violation: 1065 Query was empty. The SQL statement executed was: .
in Z:\home\diplom\www\protected\controllers\SiteController.php (14)
in Z:\home\diplom\www\index.php (13)
2013/12/24 03:16:48 [error] [system.db.CDbCommand] CDbCommand::fetchAll() failed: SQLSTATE[42000]: Syntax error or access violation: 1065 Query was empty. The SQL statement executed was: .
in Z:\home\diplom\www\protected\controllers\SiteController.php (14)
in Z:\home\diplom\www\index.php (13)
2013/12/24 03:37:48 [error] [system.db.CDbCommand] CDbCommand::fetchAll() failed: SQLSTATE[42000]: Syntax error or access violation: 1065 Query was empty. The SQL statement executed was: 				.
in Z:\home\diplom\www\protected\controllers\SiteController.php (14)
in Z:\home\diplom\www\index.php (13)
2013/12/24 03:37:50 [error] [system.db.CDbCommand] CDbCommand::fetchAll() failed: SQLSTATE[42000]: Syntax error or access violation: 1065 Query was empty. The SQL statement executed was: 				.
in Z:\home\diplom\www\protected\controllers\SiteController.php (14)
in Z:\home\diplom\www\index.php (13)
2013/12/24 03:38:47 [error] [system.db.CDbCommand] CDbCommand::fetchAll() failed: SQLSTATE[42000]: Syntax error or access violation: 1065 Query was empty. The SQL statement executed was: 				.
in Z:\home\diplom\www\protected\controllers\SiteController.php (14)
in Z:\home\diplom\www\index.php (13)
2013/12/24 03:38:48 [error] [system.db.CDbCommand] CDbCommand::fetchAll() failed: SQLSTATE[42000]: Syntax error or access violation: 1065 Query was empty. The SQL statement executed was: 				.
in Z:\home\diplom\www\protected\controllers\SiteController.php (14)
in Z:\home\diplom\www\index.php (13)
2013/12/24 03:39:04 [error] [system.db.CDbCommand] CDbCommand::fetchAll() failed: SQLSTATE[42000]: Syntax error or access violation: 1065 Query was empty. The SQL statement executed was: 				.
in Z:\home\diplom\www\protected\controllers\SiteController.php (14)
in Z:\home\diplom\www\index.php (13)
2013/12/24 03:39:06 [error] [system.db.CDbCommand] CDbCommand::fetchAll() failed: SQLSTATE[42000]: Syntax error or access violation: 1065 Query was empty. The SQL statement executed was: 				.
in Z:\home\diplom\www\protected\controllers\SiteController.php (14)
in Z:\home\diplom\www\index.php (13)
2013/12/24 03:39:16 [error] [system.db.CDbCommand] CDbCommand::fetchAll() failed: SQLSTATE[42000]: Syntax error or access violation: 1064 You have an error in your SQL syntax; check the manual that corresponds to your MySQL server version for the right syntax to use near '' at line 1. The SQL statement executed was: SELECT * FROM.
in Z:\home\diplom\www\protected\controllers\SiteController.php (14)
in Z:\home\diplom\www\index.php (13)
2013/12/24 03:39:22 [error] [system.db.CDbCommand] CDbCommand::fetchAll() failed: SQLSTATE[42S02]: Base table or view not found: 1146 Table 'diplom.data' doesn't exist. The SQL statement executed was: SELECT * FROM data.
in Z:\home\diplom\www\protected\controllers\SiteController.php (14)
in Z:\home\diplom\www\index.php (13)
2013/12/24 03:39:24 [error] [system.db.CDbCommand] CDbCommand::fetchAll() failed: SQLSTATE[42S02]: Base table or view not found: 1146 Table 'diplom.data' doesn't exist. The SQL statement executed was: SELECT * FROM data;.
in Z:\home\diplom\www\protected\controllers\SiteController.php (14)
in Z:\home\diplom\www\index.php (13)
2013/12/24 03:40:37 [error] [system.db.CDbCommand] CDbCommand::fetchAll() failed: SQLSTATE[42S02]: Base table or view not found: 1146 Table 'diplom.data' doesn't exist. The SQL statement executed was: SELECT * FROM data;.
in Z:\home\diplom\www\protected\controllers\SiteController.php (14)
in Z:\home\diplom\www\index.php (13)
2013/12/24 03:40:51 [error] [system.db.CDbCommand] CDbCommand::fetchAll() failed: SQLSTATE[42S02]: Base table or view not found: 1146 Table 'diplom.data' doesn't exist. The SQL statement executed was: SELECT * FROM data;.
in Z:\home\diplom\www\protected\controllers\SiteController.php (14)
in Z:\home\diplom\www\index.php (13)
2013/12/24 04:02:18 [error] [system.db.CDbCommand] CDbCommand::fetchAll() failed: SQLSTATE[42S02]: Base table or view not found: 1146 Table 'diplom.news2' doesn't exist. The SQL statement executed was: SELECT * FROM news2;.
in Z:\home\diplom\www\protected\controllers\SiteController.php (14)
in Z:\home\diplom\www\index.php (13)
2013/12/24 04:56:09 [error] [system.db.CDbCommand] CDbCommand::fetchAll() failed: SQLSTATE[42000]: Syntax error or access violation: 1065 Query was empty. The SQL statement executed was: 				.
in Z:\home\diplom\www\protected\controllers\SiteController.php (14)
in Z:\home\diplom\www\index.php (13)
2014/02/24 22:44:23 [error] [exception.CHttpException.404] exception 'CHttpException' with message 'Unable to resolve the request "favicon.ico".' in Z:\home\diplom\framework\web\CWebApplication.php:286
Stack trace:
#0 Z:\home\diplom\framework\web\CWebApplication.php(141): CWebApplication->runController('favicon.ico')
#1 Z:\home\diplom\framework\base\CApplication.php(180): CWebApplication->processRequest()
#2 Z:\home\diplom\www\index.php(13): CApplication->run()
#3 {main}
REQUEST_URI=/favicon.ico
---
2014/02/24 22:44:24 [error] [exception.CHttpException.404] exception 'CHttpException' with message 'Unable to resolve the request "favicon.ico".' in Z:\home\diplom\framework\web\CWebApplication.php:286
Stack trace:
#0 Z:\home\diplom\framework\web\CWebApplication.php(141): CWebApplication->runController('favicon.ico')
#1 Z:\home\diplom\framework\base\CApplication.php(180): CWebApplication->processRequest()
#2 Z:\home\diplom\www\index.php(13): CApplication->run()
#3 {main}
REQUEST_URI=/favicon.ico
---
2014/02/24 22:44:34 [error] [system.db.CDbCommand] CDbCommand::fetchAll() failed: SQLSTATE[42S02]: Base table or view not found: 1146 Table 'diplom.data' doesn't exist. The SQL statement executed was: SELECT * FROM data	.
in Z:\home\diplom\www\protected\controllers\SiteController.php (14)
in Z:\home\diplom\www\index.php (13)
2014/02/24 22:44:41 [error] [system.db.CDbCommand] CDbCommand::fetchAll() failed: SQLSTATE[42S02]: Base table or view not found: 1146 Table 'diplom.source' doesn't exist. The SQL statement executed was: SELECT * FROM source.
in Z:\home\diplom\www\protected\controllers\SiteController.php (14)
in Z:\home\diplom\www\index.php (13)
2014/02/24 23:23:09 [error] [exception.CHttpException.404] exception 'CHttpException' with message 'Unable to resolve the request "favicon.ico".' in Z:\home\diplom\framework\web\CWebApplication.php:286
Stack trace:
#0 Z:\home\diplom\framework\web\CWebApplication.php(141): CWebApplication->runController('favicon.ico')
#1 Z:\home\diplom\framework\base\CApplication.php(180): CWebApplication->processRequest()
#2 Z:\home\diplom\www\index.php(13): CApplication->run()
#3 {main}
REQUEST_URI=/favicon.ico
---
2014/02/25 00:27:58 [error] [system.db.CDbCommand] CDbCommand::fetchAll() failed: SQLSTATE[42000]: Syntax error or access violation: 1065 Query was empty. The SQL statement executed was: 				.
in Z:\home\diplom\www\protected\controllers\SiteController.php (14)
in Z:\home\diplom\www\index.php (13)
2014/02/25 23:59:17 [error] [exception.CHttpException.404] exception 'CHttpException' with message 'Unable to resolve the request "favicon.ico".' in Z:\home\diplom\framework\web\CWebApplication.php:286
Stack trace:
#0 Z:\home\diplom\framework\web\CWebApplication.php(141): CWebApplication->runController('favicon.ico')
#1 Z:\home\diplom\framework\base\CApplication.php(180): CWebApplication->processRequest()
#2 Z:\home\diplom\www\index.php(13): CApplication->run()
#3 {main}
REQUEST_URI=/favicon.ico
---
2014/02/25 23:59:17 [error] [exception.CHttpException.404] exception 'CHttpException' with message 'Unable to resolve the request "favicon.ico".' in Z:\home\diplom\framework\web\CWebApplication.php:286
Stack trace:
#0 Z:\home\diplom\framework\web\CWebApplication.php(141): CWebApplication->runController('favicon.ico')
#1 Z:\home\diplom\framework\base\CApplication.php(180): CWebApplication->processRequest()
#2 Z:\home\diplom\www\index.php(13): CApplication->run()
#3 {main}
REQUEST_URI=/favicon.ico
---
2014/02/28 00:22:55 [error] [exception.CHttpException.404] exception 'CHttpException' with message 'Unable to resolve the request "favicon.ico".' in Z:\home\diplom\framework\web\CWebApplication.php:286
Stack trace:
#0 Z:\home\diplom\framework\web\CWebApplication.php(141): CWebApplication->runController('favicon.ico')
#1 Z:\home\diplom\framework\base\CApplication.php(180): CWebApplication->processRequest()
#2 Z:\home\diplom\www\index.php(13): CApplication->run()
#3 {main}
REQUEST_URI=/favicon.ico
---
2014/02/28 00:22:55 [error] [exception.CHttpException.404] exception 'CHttpException' with message 'Unable to resolve the request "favicon.ico".' in Z:\home\diplom\framework\web\CWebApplication.php:286
Stack trace:
#0 Z:\home\diplom\framework\web\CWebApplication.php(141): CWebApplication->runController('favicon.ico')
#1 Z:\home\diplom\framework\base\CApplication.php(180): CWebApplication->processRequest()
#2 Z:\home\diplom\www\index.php(13): CApplication->run()
#3 {main}
REQUEST_URI=/favicon.ico
---
2014/02/28 00:27:11 [error] [system.db.CDbCommand] CDbCommand::fetchAll() failed: SQLSTATE[42000]: Syntax error or access violation: 1065 Query was empty. The SQL statement executed was: .
in C:\visolap\src\www\protected\controllers\SiteController.php (14)
in c:\visolap\src\www\index.php (13)
